<?xml version="1.0" encoding="UTF-8"?>
<!-- Generated by org.testng.reporters.JUnitXMLReporter -->
<testsuite hostname="test-PC" name="-200" tests="10" failures="1" timestamp="15 Feb 2017 08:23:52 GMT" time="39.49" errors="0">
  <testcase name="login" time="9.835" classname="test1.p"/>
  <testcase name="check" time="4.39" classname="test1.p"/>
  <testcase name="NCIIC_Check" time="2.147" classname="test1.p"/>
  <testcase name="NCIIC_Pic" time="2.069" classname="test1.p"/>
  <testcase name="Part1" time="2.354" classname="test1.p"/>
  <testcase name="SheBao" time="2.176" classname="test1.p"/>
  <testcase name="xuexin" time="2.108" classname="test1.p"/>
  <testcase name="Sell_Pic" time="2.089" classname="test1.p"/>
  <testcase name="Part2" time="4.653" classname="test1.p"/>
  <testcase name="Part4" time="7.643" classname="test1.p">
    <failure type="org.openqa.selenium.ElementNotVisibleException" message="Element is not currently visible and so may not be interacted with
Command duration or timeout: 13 milliseconds
Build info: version: &amp;apos;2.42.2&amp;apos;, revision: &amp;apos;6a6995d&amp;apos;, time: &amp;apos;2014-06-03 17:42:03&amp;apos;
System info: host: &amp;apos;test-PC&amp;apos;, ip: &amp;apos;192.168.150.116&amp;apos;, os.name: &amp;apos;Windows 7&amp;apos;, os.arch: &amp;apos;x86&amp;apos;, os.version: &amp;apos;6.1&amp;apos;, java.version: &amp;apos;1.7.0_79&amp;apos;
Session ID: b8daca71-4ad4-47f9-a2a5-77ed2672a566
Driver info: org.openqa.selenium.firefox.FirefoxDriver
Capabilities [{platform=XP, acceptSslCerts=true, javascriptEnabled=true, cssSelectorsEnabled=true, databaseEnabled=true, browserName=firefox, handlesAlerts=true, browserConnectionEnabled=true, webStorageEnabled=true, nativeEvents=true, rotatable=false, locationContextEnabled=true, applicationCacheEnabled=true, takesScreenshot=true, version=24.0}]">
      <![CDATA[org.openqa.selenium.ElementNotVisibleException: Element is not currently visible and so may not be interacted with
Command duration or timeout: 13 milliseconds
Build info: version: '2.42.2', revision: '6a6995d', time: '2014-06-03 17:42:03'
System info: host: 'test-PC', ip: '192.168.150.116', os.name: 'Windows 7', os.arch: 'x86', os.version: '6.1', java.version: '1.7.0_79'
Session ID: b8daca71-4ad4-47f9-a2a5-77ed2672a566
Driver info: org.openqa.selenium.firefox.FirefoxDriver
Capabilities [{platform=XP, acceptSslCerts=true, javascriptEnabled=true, cssSelectorsEnabled=true, databaseEnabled=true, browserName=firefox, handlesAlerts=true, browserConnectionEnabled=true, webStorageEnabled=true, nativeEvents=true, rotatable=false, locationContextEnabled=true, applicationCacheEnabled=true, takesScreenshot=true, version=24.0}]
	at org.openqa.selenium.remote.ErrorHandler.createThrowable(ErrorHandler.java:204)
	at org.openqa.selenium.remote.ErrorHandler.throwIfResponseFailed(ErrorHandler.java:156)
	at org.openqa.selenium.remote.RemoteWebDriver.execute(RemoteWebDriver.java:599)
	at org.openqa.selenium.remote.RemoteWebElement.execute(RemoteWebElement.java:268)
	at org.openqa.selenium.remote.RemoteWebElement.click(RemoteWebElement.java:79)
	at org.openqa.selenium.support.ui.Select.setSelected(Select.java:318)
	at org.openqa.selenium.support.ui.Select.selectByVisibleText(Select.java:116)
	at test1.p.Part4(p.java:275)
Caused by: org.openqa.selenium.remote.ErrorHandler$UnknownServerException: Element is not currently visible and so may not be interacted with
Build info: version: '2.42.2', revision: '6a6995d', time: '2014-06-03 17:42:03'
System info: host: 'test-PC', ip: '192.168.150.116', os.name: 'Windows 7', os.arch: 'x86', os.version: '6.1', java.version: '1.7.0_79'
Driver info: driver.version: unknown
	at <anonymous class>.fxdriver.preconditions.visible(file:///D:/Users/test/AppData/Local/Temp/anonymous4264079157947701843webdriver-profile/extensions/fxdriver@googlecode.com/components/command_processor.js:8791)
	at <anonymous class>.DelayedCommand.prototype.checkPreconditions_(file:///D:/Users/test/AppData/Local/Temp/anonymous4264079157947701843webdriver-profile/extensions/fxdriver@googlecode.com/components/command_processor.js:11438)
	at <anonymous class>.DelayedCommand.prototype.executeInternal_/h(file:///D:/Users/test/AppData/Local/Temp/anonymous4264079157947701843webdriver-profile/extensions/fxdriver@googlecode.com/components/command_processor.js:11455)
	at <anonymous class>.DelayedCommand.prototype.executeInternal_(file:///D:/Users/test/AppData/Local/Temp/anonymous4264079157947701843webdriver-profile/extensions/fxdriver@googlecode.com/components/command_processor.js:11460)
	at <anonymous class>.DelayedCommand.prototype.execute/<(file:///D:/Users/test/AppData/Local/Temp/anonymous4264079157947701843webdriver-profile/extensions/fxdriver@googlecode.com/components/command_processor.js:11402)
... Removed 28 stack frames]]>
    </failure>
  </testcase> <!-- Part4 -->
</testsuite> <!-- -200 -->
