<?xml version="1.0" encoding="UTF-8"?>
<!-- Generated by org.testng.reporters.JUnitXMLReporter -->
<testsuite hostname="test-PC" name="2" tests="1" failures="1" timestamp="21 Mar 2017 13:51:04 GMT" time="2.004" errors="0">
  <testcase name="logout" time="2.0" classname="oc.oc_logout">
    <failure type="java.lang.NullPointerException">
      <![CDATA[java.lang.NullPointerException
	at oc.oc_logout.logout(oc_logout.java:13)
... Removed 24 stack frames]]>
    </failure>
  </testcase> <!-- logout -->
</testsuite> <!-- 2 -->
