<?xml version="1.0" encoding="UTF-8"?>
<!-- Generated by org.testng.reporters.JUnitXMLReporter -->
<testsuite hostname="test-PC" name="3" tests="9" failures="0" timestamp="14 Feb 2017 08:51:12 GMT" time="34.479" errors="0">
  <testcase name="login" time="11.519" classname="test1.p"/>
  <testcase name="check" time="4.705" classname="test1.p"/>
  <testcase name="NCIIC_Check" time="2.194" classname="test1.p"/>
  <testcase name="NCIIC_Pic" time="2.133" classname="test1.p"/>
  <testcase name="Part1" time="2.468" classname="test1.p"/>
  <testcase name="SheBao" time="2.16" classname="test1.p"/>
  <testcase name="xuexin" time="2.173" classname="test1.p"/>
  <testcase name="Sell_Pic" time="2.113" classname="test1.p"/>
  <testcase name="Part2" time="4.998" classname="test1.p"/>
</testsuite> <!-- 3 -->
